2026-01-17 17:22:13 info: Congratulations, your extension "Embold" is now active!
2026-01-17 17:22:13 info: ************* init ****************
2026-01-17 17:22:13 info: tempDirectory : /Users/davidstinnett/.vscode/extensions/embold-vscode.embold-0.3.4/temp
2026-01-17 17:22:14 error: SQLITE_ERROR: no such table: issues
2026-01-17 17:22:15 info: Extraction complete for source: /Users/davidstinnett/.vscode/extensions/embold-vscode.embold-0.3.4/resources/embold-scanner-archive.zip, destination: /Users/davidstinnett/.vscode/extensions/embold-vscode.embold-0.3.4/temp
2026-01-17 17:22:15 info: Extension installed on machine OS : darwin
2026-01-17 17:22:15 info: Loading issues from local database on startup (checkbox unchecked)
2026-01-17 17:22:15 info: Using emboldDBDir: /Users/davidstinnett/Documents/Code/VitePractice/.embold
2026-01-17 17:22:15 info: [STARTUP] Processing 0 total issues from database
2026-01-17 17:22:15 info: [STARTUP] Issues sorted by file path
2026-01-17 17:22:15 info: [STARTUP] Complete - Processed: 0, Skipped: 0
2026-01-17 17:22:15 info: Fetched the issues from DB
2026-01-17 17:22:15 info: Java version installed on machine : 
openjdk version "21.0.3" 2024-04-16 LTS
IBM Semeru Runtime Open Edition 21.0.3.0 (build 21.0.3+9-LTS)
Eclipse OpenJ9 VM 21.0.3.0 (build openj9-0.44.0, JRE 21 Mac OS X aarch64-64-Bit 20240416_179 (JIT enabled, AOT enabled)
OpenJ9   - b0699311c7
OMR      - 254af5a04
JCL      - ac8f341bc20 based on jdk-21.0.3+9)

2026-01-17 17:22:15 info: Java installed on machine.
2026-01-17 17:22:15 info: Embold extension version response:{"hasSupport":false,"version":"0.2.1","changeNotes":"<div> <p>Release Date: 30 Apr, 2025 <br><span>Bug fixes and improvements.</span></p> </div>"}
2026-01-17 17:22:15 info: Current installed embold extension version : 0.3.4
2026-01-17 17:22:15 info: Latest embold extension version on marketplace : 0.2.1
2026-01-17 17:22:15 info: Current extension version: 0.3.4
2026-01-17 17:22:15 info: Stored extension version: 0.3.4
2026-01-17 17:22:15 info: No new installation or upgrade detected. Skipping plugin activation tracking.
2026-01-17 17:24:32 info: Row(s) deleted
2026-01-17 17:24:32 info: Row(s) deleted
2026-01-17 17:24:44 info: Row(s) deleted
2026-01-17 17:26:36 info: Row(s) deleted
2026-01-17 17:26:47 info: Row(s) deleted
2026-01-17 17:26:47 info: Row(s) deleted
2026-01-17 17:26:47 info: Row(s) deleted
2026-01-17 17:26:47 info: Row(s) deleted
2026-01-17 17:26:47 info: Row(s) deleted
2026-01-17 17:26:53 info: Row(s) deleted
